Determining if the pthread_create exist failed with the following output:
Change Dir: /home/nvidia/UROP17/Exercises/epxthreshdetect/build/CMakeFiles/CMakeTmp

Run Build Command:"/usr/bin/make" "cmTC_e8387/fast"
/usr/bin/make -f CMakeFiles/cmTC_e8387.dir/build.make CMakeFiles/cmTC_e8387.dir/build
make[1]: Entering directory '/home/nvidia/UROP17/Exercises/epxthreshdetect/build/CMakeFiles/CMakeTmp'
Building C object CMakeFiles/cmTC_e8387.dir/CheckSymbolExists.c.o
/usr/bin/cc    -fPIC    -o CMakeFiles/cmTC_e8387.dir/CheckSymbolExists.c.o   -c /home/nvidia/UROP17/Exercises/epxthreshdetect/build/CMakeFiles/CMakeTmp/CheckSymbolExists.c
Linking C executable cmTC_e8387
/usr/bin/cmake -E cmake_link_script CMakeFiles/cmTC_e8387.dir/link.txt --verbose=1
/usr/bin/cc  -fPIC     CMakeFiles/cmTC_e8387.dir/CheckSymbolExists.c.o  -o cmTC_e8387 -rdynamic 
CMakeFiles/cmTC_e8387.dir/CheckSymbolExists.c.o: In function `main':
CheckSymbolExists.c:(.text+0x14): undefined reference to `pthread_create'
CheckSymbolExists.c:(.text+0x18): undefined reference to `pthread_create'
collect2: error: ld returned 1 exit status
CMakeFiles/cmTC_e8387.dir/build.make:97: recipe for target 'cmTC_e8387' failed
make[1]: *** [cmTC_e8387] Error 1
make[1]: Leaving directory '/home/nvidia/UROP17/Exercises/epxthreshdetect/build/CMakeFiles/CMakeTmp'
Makefile:126: recipe for target 'cmTC_e8387/fast' failed
make: *** [cmTC_e8387/fast] Error 2

File /home/nvidia/UROP17/Exercises/epxthreshdetect/build/CMakeFiles/CMakeTmp/CheckSymbolExists.c:
/* */
#include <pthread.h>

int main(int argc, char** argv)
{
  (void)argv;
#ifndef pthread_create
  return ((int*)(&pthread_create))[argc];
#else
  (void)argc;
  return 0;
#endif
}

Determining if the function pthread_create exists in the pthreads failed with the following output:
Change Dir: /home/nvidia/UROP17/Exercises/epxthreshdetect/build/CMakeFiles/CMakeTmp

Run Build Command:"/usr/bin/make" "cmTC_986f8/fast"
/usr/bin/make -f CMakeFiles/cmTC_986f8.dir/build.make CMakeFiles/cmTC_986f8.dir/build
make[1]: Entering directory '/home/nvidia/UROP17/Exercises/epxthreshdetect/build/CMakeFiles/CMakeTmp'
Building C object CMakeFiles/cmTC_986f8.dir/CheckFunctionExists.c.o
/usr/bin/cc    -fPIC -DCHECK_FUNCTION_EXISTS=pthread_create   -o CMakeFiles/cmTC_986f8.dir/CheckFunctionExists.c.o   -c /usr/share/cmake-3.5/Modules/CheckFunctionExists.c
Linking C executable cmTC_986f8
/usr/bin/cmake -E cmake_link_script CMakeFiles/cmTC_986f8.dir/link.txt --verbose=1
/usr/bin/cc  -fPIC -DCHECK_FUNCTION_EXISTS=pthread_create    CMakeFiles/cmTC_986f8.dir/CheckFunctionExists.c.o  -o cmTC_986f8 -rdynamic -lpthreads 
/usr/bin/ld: cannot find -lpthreads
collect2: error: ld returned 1 exit status
CMakeFiles/cmTC_986f8.dir/build.make:97: recipe for target 'cmTC_986f8' failed
make[1]: *** [cmTC_986f8] Error 1
make[1]: Leaving directory '/home/nvidia/UROP17/Exercises/epxthreshdetect/build/CMakeFiles/CMakeTmp'
Makefile:126: recipe for target 'cmTC_986f8/fast' failed
make: *** [cmTC_986f8/fast] Error 2


