Determining if the pthread_create exist failed with the following output:
Change Dir: /home/nvidia/urop/epxmaze/build/CMakeFiles/CMakeTmp

Run Build Command:"/usr/bin/make" "cmTC_aa7f5/fast"
/usr/bin/make -f CMakeFiles/cmTC_aa7f5.dir/build.make CMakeFiles/cmTC_aa7f5.dir/build
make[1]: Entering directory '/home/nvidia/urop/epxmaze/build/CMakeFiles/CMakeTmp'
Building C object CMakeFiles/cmTC_aa7f5.dir/CheckSymbolExists.c.o
/usr/bin/cc    -fPIC    -o CMakeFiles/cmTC_aa7f5.dir/CheckSymbolExists.c.o   -c /home/nvidia/urop/epxmaze/build/CMakeFiles/CMakeTmp/CheckSymbolExists.c
Linking C executable cmTC_aa7f5
/usr/bin/cmake -E cmake_link_script CMakeFiles/cmTC_aa7f5.dir/link.txt --verbose=1
/usr/bin/cc  -fPIC     CMakeFiles/cmTC_aa7f5.dir/CheckSymbolExists.c.o  -o cmTC_aa7f5 -rdynamic 
CMakeFiles/cmTC_aa7f5.dir/CheckSymbolExists.c.o: In function `main':
CheckSymbolExists.c:(.text+0x14): undefined reference to `pthread_create'
CheckSymbolExists.c:(.text+0x18): undefined reference to `pthread_create'
collect2: error: ld returned 1 exit status
CMakeFiles/cmTC_aa7f5.dir/build.make:97: recipe for target 'cmTC_aa7f5' failed
make[1]: *** [cmTC_aa7f5] Error 1
make[1]: Leaving directory '/home/nvidia/urop/epxmaze/build/CMakeFiles/CMakeTmp'
Makefile:126: recipe for target 'cmTC_aa7f5/fast' failed
make: *** [cmTC_aa7f5/fast] Error 2

File /home/nvidia/urop/epxmaze/build/CMakeFiles/CMakeTmp/CheckSymbolExists.c:
/* */
#include <pthread.h>

int main(int argc, char** argv)
{
  (void)argv;
#ifndef pthread_create
  return ((int*)(&pthread_create))[argc];
#else
  (void)argc;
  return 0;
#endif
}

Determining if the function pthread_create exists in the pthreads failed with the following output:
Change Dir: /home/nvidia/urop/epxmaze/build/CMakeFiles/CMakeTmp

Run Build Command:"/usr/bin/make" "cmTC_36cf0/fast"
/usr/bin/make -f CMakeFiles/cmTC_36cf0.dir/build.make CMakeFiles/cmTC_36cf0.dir/build
make[1]: Entering directory '/home/nvidia/urop/epxmaze/build/CMakeFiles/CMakeTmp'
Building C object CMakeFiles/cmTC_36cf0.dir/CheckFunctionExists.c.o
/usr/bin/cc    -fPIC -DCHECK_FUNCTION_EXISTS=pthread_create   -o CMakeFiles/cmTC_36cf0.dir/CheckFunctionExists.c.o   -c /usr/share/cmake-3.5/Modules/CheckFunctionExists.c
Linking C executable cmTC_36cf0
/usr/bin/cmake -E cmake_link_script CMakeFiles/cmTC_36cf0.dir/link.txt --verbose=1
/usr/bin/cc  -fPIC -DCHECK_FUNCTION_EXISTS=pthread_create    CMakeFiles/cmTC_36cf0.dir/CheckFunctionExists.c.o  -o cmTC_36cf0 -rdynamic -lpthreads 
/usr/bin/ld: cannot find -lpthreads
collect2: error: ld returned 1 exit status
CMakeFiles/cmTC_36cf0.dir/build.make:97: recipe for target 'cmTC_36cf0' failed
make[1]: *** [cmTC_36cf0] Error 1
make[1]: Leaving directory '/home/nvidia/urop/epxmaze/build/CMakeFiles/CMakeTmp'
Makefile:126: recipe for target 'cmTC_36cf0/fast' failed
make: *** [cmTC_36cf0/fast] Error 2


