Determining if the pthread_create exist failed with the following output:
Change Dir: /home/nvidia/UROP17/Exercises/epxtrack/build/CMakeFiles/CMakeTmp

Run Build Command:"/usr/bin/make" "cmTC_b715e/fast"
/usr/bin/make -f CMakeFiles/cmTC_b715e.dir/build.make CMakeFiles/cmTC_b715e.dir/build
make[1]: Entering directory '/home/nvidia/UROP17/Exercises/epxtrack/build/CMakeFiles/CMakeTmp'
Building C object CMakeFiles/cmTC_b715e.dir/CheckSymbolExists.c.o
/usr/bin/cc    -fPIC    -o CMakeFiles/cmTC_b715e.dir/CheckSymbolExists.c.o   -c /home/nvidia/UROP17/Exercises/epxtrack/build/CMakeFiles/CMakeTmp/CheckSymbolExists.c
Linking C executable cmTC_b715e
/usr/bin/cmake -E cmake_link_script CMakeFiles/cmTC_b715e.dir/link.txt --verbose=1
/usr/bin/cc  -fPIC     CMakeFiles/cmTC_b715e.dir/CheckSymbolExists.c.o  -o cmTC_b715e -rdynamic 
CMakeFiles/cmTC_b715e.dir/CheckSymbolExists.c.o: In function `main':
CheckSymbolExists.c:(.text+0x14): undefined reference to `pthread_create'
CheckSymbolExists.c:(.text+0x18): undefined reference to `pthread_create'
collect2: error: ld returned 1 exit status
CMakeFiles/cmTC_b715e.dir/build.make:97: recipe for target 'cmTC_b715e' failed
make[1]: *** [cmTC_b715e] Error 1
make[1]: Leaving directory '/home/nvidia/UROP17/Exercises/epxtrack/build/CMakeFiles/CMakeTmp'
Makefile:126: recipe for target 'cmTC_b715e/fast' failed
make: *** [cmTC_b715e/fast] Error 2

File /home/nvidia/UROP17/Exercises/epxtrack/build/CMakeFiles/CMakeTmp/CheckSymbolExists.c:
/* */
#include <pthread.h>

int main(int argc, char** argv)
{
  (void)argv;
#ifndef pthread_create
  return ((int*)(&pthread_create))[argc];
#else
  (void)argc;
  return 0;
#endif
}

Determining if the function pthread_create exists in the pthreads failed with the following output:
Change Dir: /home/nvidia/UROP17/Exercises/epxtrack/build/CMakeFiles/CMakeTmp

Run Build Command:"/usr/bin/make" "cmTC_1ef74/fast"
/usr/bin/make -f CMakeFiles/cmTC_1ef74.dir/build.make CMakeFiles/cmTC_1ef74.dir/build
make[1]: Entering directory '/home/nvidia/UROP17/Exercises/epxtrack/build/CMakeFiles/CMakeTmp'
Building C object CMakeFiles/cmTC_1ef74.dir/CheckFunctionExists.c.o
/usr/bin/cc    -fPIC -DCHECK_FUNCTION_EXISTS=pthread_create   -o CMakeFiles/cmTC_1ef74.dir/CheckFunctionExists.c.o   -c /usr/share/cmake-3.5/Modules/CheckFunctionExists.c
Linking C executable cmTC_1ef74
/usr/bin/cmake -E cmake_link_script CMakeFiles/cmTC_1ef74.dir/link.txt --verbose=1
/usr/bin/cc  -fPIC -DCHECK_FUNCTION_EXISTS=pthread_create    CMakeFiles/cmTC_1ef74.dir/CheckFunctionExists.c.o  -o cmTC_1ef74 -rdynamic -lpthreads 
/usr/bin/ld: cannot find -lpthreads
collect2: error: ld returned 1 exit status
CMakeFiles/cmTC_1ef74.dir/build.make:97: recipe for target 'cmTC_1ef74' failed
make[1]: *** [cmTC_1ef74] Error 1
make[1]: Leaving directory '/home/nvidia/UROP17/Exercises/epxtrack/build/CMakeFiles/CMakeTmp'
Makefile:126: recipe for target 'cmTC_1ef74/fast' failed
make: *** [cmTC_1ef74/fast] Error 2


