Determining if the pthread_create exist failed with the following output:
Change Dir: /home/nvidia/UROP17/Exercises/epxmaze/build/CMakeFiles/CMakeTmp

Run Build Command:"/usr/bin/make" "cmTC_8759a/fast"
/usr/bin/make -f CMakeFiles/cmTC_8759a.dir/build.make CMakeFiles/cmTC_8759a.dir/build
make[1]: Entering directory '/home/nvidia/UROP17/Exercises/epxmaze/build/CMakeFiles/CMakeTmp'
Building C object CMakeFiles/cmTC_8759a.dir/CheckSymbolExists.c.o
/usr/bin/cc    -fPIC    -o CMakeFiles/cmTC_8759a.dir/CheckSymbolExists.c.o   -c /home/nvidia/UROP17/Exercises/epxmaze/build/CMakeFiles/CMakeTmp/CheckSymbolExists.c
Linking C executable cmTC_8759a
/usr/bin/cmake -E cmake_link_script CMakeFiles/cmTC_8759a.dir/link.txt --verbose=1
/usr/bin/cc  -fPIC     CMakeFiles/cmTC_8759a.dir/CheckSymbolExists.c.o  -o cmTC_8759a -rdynamic 
CMakeFiles/cmTC_8759a.dir/CheckSymbolExists.c.o: In function `main':
CheckSymbolExists.c:(.text+0x14): undefined reference to `pthread_create'
CheckSymbolExists.c:(.text+0x18): undefined reference to `pthread_create'
collect2: error: ld returned 1 exit status
CMakeFiles/cmTC_8759a.dir/build.make:97: recipe for target 'cmTC_8759a' failed
make[1]: *** [cmTC_8759a] Error 1
make[1]: Leaving directory '/home/nvidia/UROP17/Exercises/epxmaze/build/CMakeFiles/CMakeTmp'
Makefile:126: recipe for target 'cmTC_8759a/fast' failed
make: *** [cmTC_8759a/fast] Error 2

File /home/nvidia/UROP17/Exercises/epxmaze/build/CMakeFiles/CMakeTmp/CheckSymbolExists.c:
/* */
#include <pthread.h>

int main(int argc, char** argv)
{
  (void)argv;
#ifndef pthread_create
  return ((int*)(&pthread_create))[argc];
#else
  (void)argc;
  return 0;
#endif
}

Determining if the function pthread_create exists in the pthreads failed with the following output:
Change Dir: /home/nvidia/UROP17/Exercises/epxmaze/build/CMakeFiles/CMakeTmp

Run Build Command:"/usr/bin/make" "cmTC_2f5a9/fast"
/usr/bin/make -f CMakeFiles/cmTC_2f5a9.dir/build.make CMakeFiles/cmTC_2f5a9.dir/build
make[1]: Entering directory '/home/nvidia/UROP17/Exercises/epxmaze/build/CMakeFiles/CMakeTmp'
Building C object CMakeFiles/cmTC_2f5a9.dir/CheckFunctionExists.c.o
/usr/bin/cc    -fPIC -DCHECK_FUNCTION_EXISTS=pthread_create   -o CMakeFiles/cmTC_2f5a9.dir/CheckFunctionExists.c.o   -c /usr/share/cmake-3.5/Modules/CheckFunctionExists.c
Linking C executable cmTC_2f5a9
/usr/bin/cmake -E cmake_link_script CMakeFiles/cmTC_2f5a9.dir/link.txt --verbose=1
/usr/bin/cc  -fPIC -DCHECK_FUNCTION_EXISTS=pthread_create    CMakeFiles/cmTC_2f5a9.dir/CheckFunctionExists.c.o  -o cmTC_2f5a9 -rdynamic -lpthreads 
/usr/bin/ld: cannot find -lpthreads
collect2: error: ld returned 1 exit status
CMakeFiles/cmTC_2f5a9.dir/build.make:97: recipe for target 'cmTC_2f5a9' failed
make[1]: *** [cmTC_2f5a9] Error 1
make[1]: Leaving directory '/home/nvidia/UROP17/Exercises/epxmaze/build/CMakeFiles/CMakeTmp'
Makefile:126: recipe for target 'cmTC_2f5a9/fast' failed
make: *** [cmTC_2f5a9/fast] Error 2


